[debug] [2020-06-26T04:19:08.823Z] ----------------------------------------------------------------------
[debug] [2020-06-26T04:19:08.824Z] Command:       /Users/adolfogutierrez/.nvm/versions/node/v13.6.0/bin/node /Users/adolfogutierrez/.nvm/versions/node/v13.6.0/bin/firebase init functions
[debug] [2020-06-26T04:19:08.825Z] CLI Version:   8.0.3
[debug] [2020-06-26T04:19:08.825Z] Platform:      darwin
[debug] [2020-06-26T04:19:08.825Z] Node Version:  v13.6.0
[debug] [2020-06-26T04:19:08.825Z] Time:          Thu Jun 25 2020 22:19:08 GMT-0600 (Central Standard Time)
[debug] [2020-06-26T04:19:08.825Z] ----------------------------------------------------------------------
[debug] [2020-06-26T04:19:08.826Z] 
[debug] [2020-06-26T04:19:08.833Z] > command requires scopes: ["email","openid","https://www.googleapis.com/auth/cloudplatformprojects.readonly","https://www.googleapis.com/auth/firebase","https://www.googleapis.com/auth/cloud-platform"]
[debug] [2020-06-26T04:19:08.833Z] > authorizing via signed-in user
[info] 
     ######## #### ########  ######## ########     ###     ######  ########
     ##        ##  ##     ## ##       ##     ##  ##   ##  ##       ##
     ######    ##  ########  ######   ########  #########  ######  ######
     ##        ##  ##    ##  ##       ##     ## ##     ##       ## ##
     ##       #### ##     ## ######## ########  ##     ##  ######  ########

You're about to initialize a Firebase project in this directory:

  /Users/adolfogutierrez/Developer/ctshop

Before we get started, keep in mind:

  * You are initializing in an existing Firebase project directory

[info] 
=== Project Setup
[info] 
[info] First, let's associate this project directory with a Firebase project.
[info] You can create multiple project aliases by running firebase use --add, 
[info] but for now we'll just set up a default project.
[info] 
[info] i  .firebaserc already has a default project, using proyectogra-54925.
[debug] [2020-06-26T04:19:08.839Z] >>> HTTP REQUEST GET https://firebase.googleapis.com/v1beta1/projects/proyectogra-54925  
 
[debug] [2020-06-26T04:19:12.841Z] <<< HTTP RESPONSE 200 {"content-type":"application/json; charset=UTF-8","vary":"X-Origin, Referer, Origin,Accept-Encoding","date":"Fri, 26 Jun 2020 04:19:12 GMT","server":"ESF","cache-control":"private","x-xss-protection":"0","x-frame-options":"SAMEORIGIN","x-content-type-options":"nosniff","alt-svc":"h3-27=\":443\"; ma=2592000,h3-25=\":443\"; ma=2592000,h3-T050=\":443\"; ma=2592000,h3-Q050=\":443\"; ma=2592000,h3-Q046=\":443\"; ma=2592000,h3-Q043=\":443\"; ma=2592000,quic=\":443\"; ma=2592000; v=\"46,43\"","accept-ranges":"none","transfer-encoding":"chunked"}
[info] 
=== Functions Setup
[info] 
[info] A functions directory will be created in your project with a Node.js
[info] package pre-configured. Functions can be deployed with firebase deploy.
[info] 
[debug] [2020-06-26T04:19:12.844Z] > command requires scopes: ["email","openid","https://www.googleapis.com/auth/cloudplatformprojects.readonly","https://www.googleapis.com/auth/firebase","https://www.googleapis.com/auth/cloud-platform"]
[debug] [2020-06-26T04:19:12.844Z] > authorizing via signed-in user
[debug] [2020-06-26T04:19:12.844Z] [iam] checking project proyectogra-54925 for permissions ["firebase.projects.get"]
[debug] [2020-06-26T04:19:12.845Z] >>> HTTP REQUEST POST https://cloudresourcemanager.googleapis.com/v1/projects/proyectogra-54925:testIamPermissions  
 {"permissions":["firebase.projects.get"]}
[debug] [2020-06-26T04:19:13.292Z] <<< HTTP RESPONSE 200 {"content-type":"application/json; charset=UTF-8","vary":"X-Origin, Referer, Origin,Accept-Encoding","date":"Fri, 26 Jun 2020 04:19:13 GMT","server":"ESF","cache-control":"private","x-xss-protection":"0","x-frame-options":"SAMEORIGIN","x-content-type-options":"nosniff","server-timing":"gfet4t7; dur=189","alt-svc":"h3-27=\":443\"; ma=2592000,h3-25=\":443\"; ma=2592000,h3-T050=\":443\"; ma=2592000,h3-Q050=\":443\"; ma=2592000,h3-Q046=\":443\"; ma=2592000,h3-Q043=\":443\"; ma=2592000,quic=\":443\"; ma=2592000; v=\"46,43\"","accept-ranges":"none","transfer-encoding":"chunked"}
[debug] [2020-06-26T04:19:13.293Z] >>> HTTP REQUEST POST https://serviceusage.googleapis.com/v1/projects/proyectogra-54925/services/cloudfunctions.googleapis.com:enable  
 
[debug] [2020-06-26T04:19:13.293Z] >>> HTTP REQUEST POST https://serviceusage.googleapis.com/v1/projects/proyectogra-54925/services/runtimeconfig.googleapis.com:enable  
 
[debug] [2020-06-26T04:19:13.806Z] <<< HTTP RESPONSE 200 {"content-type":"application/json; charset=UTF-8","vary":"X-Origin, Referer, Origin,Accept-Encoding","date":"Fri, 26 Jun 2020 04:19:13 GMT","server":"ESF","cache-control":"private","x-xss-protection":"0","x-frame-options":"SAMEORIGIN","x-content-type-options":"nosniff","alt-svc":"h3-27=\":443\"; ma=2592000,h3-25=\":443\"; ma=2592000,h3-T050=\":443\"; ma=2592000,h3-Q050=\":443\"; ma=2592000,h3-Q046=\":443\"; ma=2592000,h3-Q043=\":443\"; ma=2592000,quic=\":443\"; ma=2592000; v=\"46,43\"","accept-ranges":"none","transfer-encoding":"chunked"}
[debug] [2020-06-26T04:19:13.879Z] <<< HTTP RESPONSE 200 {"content-type":"application/json; charset=UTF-8","vary":"X-Origin, Referer, Origin,Accept-Encoding","date":"Fri, 26 Jun 2020 04:19:13 GMT","server":"ESF","cache-control":"private","x-xss-protection":"0","x-frame-options":"SAMEORIGIN","x-content-type-options":"nosniff","alt-svc":"h3-27=\":443\"; ma=2592000,h3-25=\":443\"; ma=2592000,h3-T050=\":443\"; ma=2592000,h3-Q050=\":443\"; ma=2592000,h3-Q046=\":443\"; ma=2592000,h3-Q043=\":443\"; ma=2592000,quic=\":443\"; ma=2592000; v=\"46,43\"","accept-ranges":"none","transfer-encoding":"chunked"}
[info] ✔  Wrote functions/package.json
[info] ✔  Wrote functions/.eslintrc.json
[info] ✔  Wrote functions/index.js
[info] ✔  Wrote functions/.gitignore
